{"name": "Verify that create booking, with invalid data is working", "status": "failed", "statusDetails": {"message": "AssertionError: assert (1 + 1) == 3", "trace": "@allure.title(\"Verify that create booking, with invalid data is working\")\n    @allure.description(\"This Testcase check for the negative  create booking\")\n    @pytest.mark.negative\n    def test_create_booking_negative_2():\n        print(\"test2\")\n>       assert 1 + 1 == 3\nE       assert (1 + 1) == 3\n\ntask\\Task_Dec_13_PyTest_CRUD\\Allure_Pytest\\Allure.py:25: AssertionError"}, "description": "This Testcase check for the negative  create booking", "attachments": [{"name": "stdout", "source": "7abb13fe-215c-4351-b31a-9cb12ecddcd1-attachment.txt", "type": "text/plain"}], "start": 1766042942259, "stop": 1766042942260, "uuid": "b5f042a9-3c58-4db2-85d4-f0ceeb7a6026", "historyId": "3cd901ef7b4f5a89ed289bc09952a758", "testCaseId": "3cd901ef7b4f5a89ed289bc09952a758", "fullName": "task.Task_Dec_13_PyTest_CRUD.Allure_Pytest.Allure#test_create_booking_negative_2", "labels": [{"name": "tag", "value": "negative"}, {"name": "parentSuite", "value": "task.Task_Dec_13_PyTest_CRUD.Allure_Pytest"}, {"name": "suite", "value": "Allure"}, {"name": "host", "value": "DESKTOP-I7J0B1S"}, {"name": "thread", "value": "20320-MainThread"}, {"name": "framework", "value": "pytest"}, {"name": "language", "value": "cpython3"}, {"name": "package", "value": "task.Task_Dec_13_PyTest_CRUD.Allure_Pytest.Allure"}], "titlePath": ["task", "Task_Dec_13_PyTest_CRUD", "Allure_Pytest", "Allure.py"]}