{"name": "Verify that the create booking is working.", "status": "failed", "statusDetails": {"message": "AssertionError: assert (1 - 1) == 2", "trace": "@allure.title(\"Verify that the create booking is working.\")\n    @allure.description(\"We are going to verify the create booking in the future of this function.\")\n    @pytest.mark.positive\n    @pytest.mark.regression\n    def test_create_booking_positive():\n        print(\"test1\")\n>       assert 1-1 == 2\nE       assert (1 - 1) == 2\n\nsrc\\ex_25_Allure_Pytest\\test_Lab186_Allure.py:10: AssertionError"}, "description": "We are going to verify the create booking in the future of this function.", "attachments": [{"name": "stdout", "source": "99653ed8-b710-4411-bad5-368ba832574a-attachment.txt", "type": "text/plain"}], "start": 1765866807172, "stop": 1765866807174, "uuid": "44c569bd-2312-4994-87e1-961626b8ecb7", "historyId": "7de0cf690c17d5f9bf7ceed3e35bf102", "testCaseId": "7de0cf690c17d5f9bf7ceed3e35bf102", "fullName": "src.ex_25_Allure_Pytest.test_Lab186_Allure#test_create_booking_positive", "labels": [{"name": "tag", "value": "regression"}, {"name": "tag", "value": "positive"}, {"name": "parentSuite", "value": "src.ex_25_Allure_Pytest"}, {"name": "suite", "value": "test_Lab186_Allure"}, {"name": "host", "value": "DESKTOP-I7J0B1S"}, {"name": "thread", "value": "39648-MainThread"}, {"name": "framework", "value": "pytest"}, {"name": "language", "value": "cpython3"}, {"name": "package", "value": "src.ex_25_Allure_Pytest.test_Lab186_Allure"}], "titlePath": ["src", "ex_25_Allure_Pytest", "test_Lab186_Allure.py"]}