{"name": "Verify that the create booking is working.", "status": "failed", "statusDetails": {"message": "AssertionError: assert (1 - 1) == 2", "trace": "@allure.title(\"Verify that the create booking is working.\")\n    @allure.description(\"We are going to verify the create booking in the future of this function.\")\n    @pytest.mark.positive\n    @pytest.mark.regression\n    def test_create_booking_positive():\n        print(\"test1\")\n>       assert 1-1 == 2\nE       assert (1 - 1) == 2\n\nsrc\\ex_25_Allure_Pytest\\test_Lab186_Allure.py:10: AssertionError"}, "description": "We are going to verify the create booking in the future of this function.", "attachments": [{"name": "stdout", "source": "7fc47518-781c-45c5-ab92-033bd16b1c79-attachment.txt", "type": "text/plain"}], "start": 1766037697184, "stop": 1766037697199, "uuid": "b2f8b677-7ed3-47bd-9d64-abccca52fe30", "historyId": "7de0cf690c17d5f9bf7ceed3e35bf102", "testCaseId": "7de0cf690c17d5f9bf7ceed3e35bf102", "fullName": "src.ex_25_Allure_Pytest.test_Lab186_Allure#test_create_booking_positive", "labels": [{"name": "tag", "value": "regression"}, {"name": "tag", "value": "positive"}, {"name": "parentSuite", "value": "src.ex_25_Allure_Pytest"}, {"name": "suite", "value": "test_Lab186_Allure"}, {"name": "host", "value": "DESKTOP-I7J0B1S"}, {"name": "thread", "value": "10700-MainThread"}, {"name": "framework", "value": "pytest"}, {"name": "language", "value": "cpython3"}, {"name": "package", "value": "src.ex_25_Allure_Pytest.test_Lab186_Allure"}], "titlePath": ["src", "ex_25_Allure_Pytest", "test_Lab186_Allure.py"]}