{"name": "Verify the create booking is working", "status": "failed", "statusDetails": {"message": "AssertionError: assert (1 - 1) == 2", "trace": "@allure.title(\"Verify the create booking is working\")\n    @allure.description(\"We are going to verify the create booking in the future of this function.\")\n    @pytest.mark.positive\n    @pytest.mark.regression\n    def test_create_booking_positive():\n        print(\"test1\")\n>       assert 1-1 == 2\nE       assert (1 - 1) == 2\n\ntask\\Task_Dec_13_PyTest_CRUD\\Allure_Pytest\\Allure.py:11: AssertionError"}, "description": "We are going to verify the create booking in the future of this function.", "attachments": [{"name": "stdout", "source": "52950635-b18f-4adb-9423-955f88c6049e-attachment.txt", "type": "text/plain"}], "start": 1766043151360, "stop": 1766043151362, "uuid": "7add7dbd-4497-4686-a3aa-480ae4e34a45", "historyId": "7b387880c2a163d450c48d548c29ca7d", "testCaseId": "7b387880c2a163d450c48d548c29ca7d", "fullName": "task.Task_Dec_13_PyTest_CRUD.Allure_Pytest.Allure#test_create_booking_positive", "labels": [{"name": "tag", "value": "regression"}, {"name": "tag", "value": "positive"}, {"name": "parentSuite", "value": "task.Task_Dec_13_PyTest_CRUD.Allure_Pytest"}, {"name": "suite", "value": "Allure"}, {"name": "host", "value": "DESKTOP-I7J0B1S"}, {"name": "thread", "value": "7508-MainThread"}, {"name": "framework", "value": "pytest"}, {"name": "language", "value": "cpython3"}, {"name": "package", "value": "task.Task_Dec_13_PyTest_CRUD.Allure_Pytest.Allure"}], "titlePath": ["task", "Task_Dec_13_PyTest_CRUD", "Allure_Pytest", "Allure.py"]}