{"name": "test_method2", "status": "failed", "statusDetails": {"message": "AssertionError: assert (1 - 1) == 2", "trace": "@pytest.mark.smoke\n    def test_method2():\n        print(\"test1\")\n>       assert 1-1 == 2\nE       assert (1 - 1) == 2\n\nsrc\\ex_24_PyTest\\test_Lab185.py:5: AssertionError"}, "attachments": [{"name": "stdout", "source": "d3aba185-cb95-44b4-b0c7-0f62c2c650bf-attachment.txt", "type": "text/plain"}], "start": 1766052991223, "stop": 1766052991225, "uuid": "66b4d9d5-fbda-4e67-9a27-d6d32fa1eb30", "historyId": "5ce86a925f25ade4f9ffc2c6cc588aa8", "testCaseId": "5ce86a925f25ade4f9ffc2c6cc588aa8", "fullName": "src.ex_24_PyTest.test_Lab185#test_method2", "labels": [{"name": "tag", "value": "smoke"}, {"name": "parentSuite", "value": "src.ex_24_PyTest"}, {"name": "suite", "value": "test_Lab185"}, {"name": "host", "value": "DESKTOP-I7J0B1S"}, {"name": "thread", "value": "9244-MainThread"}, {"name": "framework", "value": "pytest"}, {"name": "language", "value": "cpython3"}, {"name": "package", "value": "src.ex_24_PyTest.test_Lab185"}], "titlePath": ["src", "ex_24_PyTest", "test_Lab185.py"]}