{"name": "test_method1", "status": "failed", "statusDetails": {"message": "AssertionError: assert 5 == 6", "trace": "@pytest.mark.smoke\n    def test_method1():\n        print(\"Hello World\")\n>       assert 5 == 6\nE       assert 5 == 6\n\nsrc\\ex_24_PyTest\\test_Lab184_Basic.py:5: AssertionError"}, "attachments": [{"name": "stdout", "source": "da2230eb-b3ca-4778-854a-f86262e2b69c-attachment.txt", "type": "text/plain"}], "start": 1766040724154, "stop": 1766040724156, "uuid": "db7dcd81-40db-43c1-9b1e-20b11b961375", "historyId": "6ffb0c6d3bd235045430ef70b4df9a89", "testCaseId": "6ffb0c6d3bd235045430ef70b4df9a89", "fullName": "src.ex_24_PyTest.test_Lab184_Basic#test_method1", "labels": [{"name": "tag", "value": "smoke"}, {"name": "parentSuite", "value": "src.ex_24_PyTest"}, {"name": "suite", "value": "test_Lab184_Basic"}, {"name": "host", "value": "DESKTOP-I7J0B1S"}, {"name": "thread", "value": "14768-MainThread"}, {"name": "framework", "value": "pytest"}, {"name": "language", "value": "cpython3"}, {"name": "package", "value": "src.ex_24_PyTest.test_Lab184_Basic"}], "titlePath": ["src", "ex_24_PyTest", "test_Lab184_Basic.py"]}