{"name": "test_method1", "status": "failed", "statusDetails": {"message": "AssertionError: assert 5 == 6", "trace": "@pytest.mark.smoke\n    def test_method1():\n        print(\"Hello World\")\n>       assert 5 == 6\nE       assert 5 == 6\n\nsrc\\ex_24_PyTest\\test_Lab184_Basic.py:5: AssertionError"}, "attachments": [{"name": "stdout", "source": "eef81d68-a4e9-46c0-bd5f-0cd045cd91f4-attachment.txt", "type": "text/plain"}], "start": 1766052991223, "stop": 1766052991224, "uuid": "1e1ac8f6-9a45-4fc3-a5d8-15a37653e915", "historyId": "6ffb0c6d3bd235045430ef70b4df9a89", "testCaseId": "6ffb0c6d3bd235045430ef70b4df9a89", "fullName": "src.ex_24_PyTest.test_Lab184_Basic#test_method1", "labels": [{"name": "tag", "value": "smoke"}, {"name": "parentSuite", "value": "src.ex_24_PyTest"}, {"name": "suite", "value": "test_Lab184_Basic"}, {"name": "host", "value": "DESKTOP-I7J0B1S"}, {"name": "thread", "value": "3268-MainThread"}, {"name": "framework", "value": "pytest"}, {"name": "language", "value": "cpython3"}, {"name": "package", "value": "src.ex_24_PyTest.test_Lab184_Basic"}], "titlePath": ["src", "ex_24_PyTest", "test_Lab184_Basic.py"]}