{"name": "test_method2", "status": "failed", "statusDetails": {"message": "AssertionError: assert (1 - 1) == 2", "trace": "@pytest.mark.smoke\n    def test_method2():\n        print(\"test1\")\n>       assert 1-1 == 2\nE       assert (1 - 1) == 2\n\nsrc\\ex_24_PyTest\\test_Lab185.py:5: AssertionError"}, "attachments": [{"name": "stdout", "source": "196f5f22-a8a2-422b-a0f7-0202e66191b9-attachment.txt", "type": "text/plain"}], "start": 1766052616691, "stop": 1766052616693, "uuid": "d12fcf77-429e-43e8-a1c5-1d3f13dfa78c", "historyId": "5ce86a925f25ade4f9ffc2c6cc588aa8", "testCaseId": "5ce86a925f25ade4f9ffc2c6cc588aa8", "fullName": "src.ex_24_PyTest.test_Lab185#test_method2", "labels": [{"name": "tag", "value": "smoke"}, {"name": "parentSuite", "value": "src.ex_24_PyTest"}, {"name": "suite", "value": "test_Lab185"}, {"name": "host", "value": "DESKTOP-I7J0B1S"}, {"name": "thread", "value": "1972-MainThread"}, {"name": "framework", "value": "pytest"}, {"name": "language", "value": "cpython3"}, {"name": "package", "value": "src.ex_24_PyTest.test_Lab185"}], "titlePath": ["src", "ex_24_PyTest", "test_Lab185.py"]}