{"name": "Verify that create booking, with invalid data is working", "status": "failed", "statusDetails": {"message": "AssertionError: assert (1 + 1) == 3", "trace": "@allure.title(\"Verify that create booking, with invalid data is working\")\n    @allure.description(\"This Testcase check for the negative  create booking\")\n    @pytest.mark.negative\n    def test_create_booking_negative_2():\n        print(\"test2\")\n>       assert 1 + 1 == 3\nE       assert (1 + 1) == 3\n\ntask\\Task_Dec_13_PyTest_CRUD\\Allure_Pytest\\Allure.py:25: AssertionError"}, "description": "This Testcase check for the negative  create booking", "attachments": [{"name": "stdout", "source": "077a5345-4954-4347-bea2-9e568f8f8959-attachment.txt", "type": "text/plain"}], "start": 1766043151534, "stop": 1766043151535, "uuid": "b26c2784-9926-4e92-bf45-0f3dc1b6f54e", "historyId": "3cd901ef7b4f5a89ed289bc09952a758", "testCaseId": "3cd901ef7b4f5a89ed289bc09952a758", "fullName": "task.Task_Dec_13_PyTest_CRUD.Allure_Pytest.Allure#test_create_booking_negative_2", "labels": [{"name": "tag", "value": "negative"}, {"name": "parentSuite", "value": "task.Task_Dec_13_PyTest_CRUD.Allure_Pytest"}, {"name": "suite", "value": "Allure"}, {"name": "host", "value": "DESKTOP-I7J0B1S"}, {"name": "thread", "value": "7508-MainThread"}, {"name": "framework", "value": "pytest"}, {"name": "language", "value": "cpython3"}, {"name": "package", "value": "task.Task_Dec_13_PyTest_CRUD.Allure_Pytest.Allure"}], "titlePath": ["task", "Task_Dec_13_PyTest_CRUD", "Allure_Pytest", "Allure.py"]}