{"name": "test_method1", "status": "failed", "statusDetails": {"message": "AssertionError: assert 5 == 6", "trace": "@pytest.mark.smoke\n    def test_method1():\n        print(\"Hello World\")\n>       assert 5 == 6\nE       assert 5 == 6\n\nsrc\\ex_24_PyTest\\test_Lab184_Basic.py:5: AssertionError"}, "attachments": [{"name": "stdout", "source": "358d669c-96c5-4310-9a82-8c5e46efd8fe-attachment.txt", "type": "text/plain"}], "start": 1766052616692, "stop": 1766052616694, "uuid": "d3ff096c-004e-4006-9b82-5ef0808c2d9a", "historyId": "6ffb0c6d3bd235045430ef70b4df9a89", "testCaseId": "6ffb0c6d3bd235045430ef70b4df9a89", "fullName": "src.ex_24_PyTest.test_Lab184_Basic#test_method1", "labels": [{"name": "tag", "value": "smoke"}, {"name": "parentSuite", "value": "src.ex_24_PyTest"}, {"name": "suite", "value": "test_Lab184_Basic"}, {"name": "host", "value": "DESKTOP-I7J0B1S"}, {"name": "thread", "value": "12028-MainThread"}, {"name": "framework", "value": "pytest"}, {"name": "language", "value": "cpython3"}, {"name": "package", "value": "src.ex_24_PyTest.test_Lab184_Basic"}], "titlePath": ["src", "ex_24_PyTest", "test_Lab184_Basic.py"]}