{"name": "TC2 - Verify the GET Request of Restful Booker with invalid ID", "status": "failed", "statusDetails": {"message": "AssertionError: assert 200 == 404\n +  where 200 = <Response [200]>.status_code", "trace": "@allure.title(\"TC2 - Verify the GET Request of Restful Booker with invalid ID\")\n    @allure.description(\"This Testcase check Booking -1 and verify the response\")\n    @pytest.mark.negative\n    def test_get_request_negative():\n        url = \"https://restful-booker.herokuapp.com/booking/1\"\n        response_data = requests.get(url=url)\n>       assert response_data.status_code == 404\nE       assert 200 == 404\nE        +  where 200 = <Response [200]>.status_code\n\ntask\\Task_Dec_13_PyTest_CRUD\\Request\\GET_Request.py:19: AssertionError"}, "description": "This Testcase check Booking -1 and verify the response", "start": 1766052869326, "stop": 1766052871093, "uuid": "6baf0894-bc97-49f2-aa43-56d232a81669", "historyId": "8b0804e46b696824dcad41bd74ce0b3e", "testCaseId": "8b0804e46b696824dcad41bd74ce0b3e", "fullName": "task.Task_Dec_13_PyTest_CRUD.Request.GET_Request#test_get_request_negative", "labels": [{"name": "tag", "value": "negative"}, {"name": "parentSuite", "value": "task.Task_Dec_13_PyTest_CRUD.Request"}, {"name": "suite", "value": "GET_Request"}, {"name": "host", "value": "DESKTOP-I7J0B1S"}, {"name": "thread", "value": "15628-MainThread"}, {"name": "framework", "value": "pytest"}, {"name": "language", "value": "cpython3"}, {"name": "package", "value": "task.Task_Dec_13_PyTest_CRUD.Request.GET_Request"}], "titlePath": ["task", "Task_Dec_13_PyTest_CRUD", "Request", "GET_Request.py"]}