{"uid":"24083d5b7ca45e33","name":"Verify that create booking, with invalid data is working","fullName":"task.Task_Dec_13_PyTest_CRUD.Allure_Pytest.Allure#test_create_booking_negative_2","historyId":"3cd901ef7b4f5a89ed289bc09952a758","time":{"start":1766043151534,"stop":1766043151535,"duration":1},"description":"This Testcase check for the negative  create booking","descriptionHtml":"<p>This Testcase check for the negative  create booking</p>\n","status":"failed","statusMessage":"AssertionError: assert (1 + 1) == 3","statusTrace":"@allure.title(\"Verify that create booking, with invalid data is working\")\n    @allure.description(\"This Testcase check for the negative  create booking\")\n    @pytest.mark.negative\n    def test_create_booking_negative_2():\n        print(\"test2\")\n>       assert 1 + 1 == 3\nE       assert (1 + 1) == 3\n\ntask\\Task_Dec_13_PyTest_CRUD\\Allure_Pytest\\Allure.py:25: AssertionError","flaky":false,"newFailed":false,"newBroken":false,"newPassed":false,"retriesCount":1,"retriesStatusChange":false,"beforeStages":[],"testStage":{"description":"This Testcase check for the negative  create booking","status":"failed","statusMessage":"AssertionError: assert (1 + 1) == 3","statusTrace":"@allure.title(\"Verify that create booking, with invalid data is working\")\n    @allure.description(\"This Testcase check for the negative  create booking\")\n    @pytest.mark.negative\n    def test_create_booking_negative_2():\n        print(\"test2\")\n>       assert 1 + 1 == 3\nE       assert (1 + 1) == 3\n\ntask\\Task_Dec_13_PyTest_CRUD\\Allure_Pytest\\Allure.py:25: AssertionError","steps":[],"attachments":[{"uid":"c672268924bc1caf","name":"stdout","source":"c672268924bc1caf.txt","type":"text/plain","size":6}],"parameters":[],"attachmentStep":false,"stepsCount":0,"hasContent":true,"attachmentsCount":1,"shouldDisplayMessage":true},"afterStages":[],"labels":[{"name":"tag","value":"negative"},{"name":"parentSuite","value":"task.Task_Dec_13_PyTest_CRUD.Allure_Pytest"},{"name":"suite","value":"Allure"},{"name":"host","value":"DESKTOP-I7J0B1S"},{"name":"thread","value":"7508-MainThread"},{"name":"framework","value":"pytest"},{"name":"language","value":"cpython3"},{"name":"package","value":"task.Task_Dec_13_PyTest_CRUD.Allure_Pytest.Allure"},{"name":"resultFormat","value":"allure2"}],"parameters":[],"links":[],"hidden":false,"retry":false,"extra":{"severity":"normal","retries":[{"uid":"946e0921a8662b8","status":"failed","statusDetails":"AssertionError: assert (1 + 1) == 3","time":{"start":1766042942259,"stop":1766042942260,"duration":1}}],"categories":[{"name":"Product defects","matchedStatuses":[]}],"tags":["negative"]},"source":"24083d5b7ca45e33.json","parameterValues":[]}