{"uid":"2f82838a14d44d81","name":"TC2 - Verify the GET Request of Restful Booker with invalid ID","fullName":"task.Task_Dec_13_PyTest_CRUD.Request.GET_Request#test_get_request_negative","historyId":"8b0804e46b696824dcad41bd74ce0b3e","time":{"start":1766052869326,"stop":1766052871093,"duration":1767},"description":"This Testcase check Booking -1 and verify the response","descriptionHtml":"<p>This Testcase check Booking -1 and verify the response</p>\n","status":"failed","statusMessage":"AssertionError: assert 200 == 404\n +  where 200 = <Response [200]>.status_code","statusTrace":"@allure.title(\"TC2 - Verify the GET Request of Restful Booker with invalid ID\")\n    @allure.description(\"This Testcase check Booking -1 and verify the response\")\n    @pytest.mark.negative\n    def test_get_request_negative():\n        url = \"https://restful-booker.herokuapp.com/booking/1\"\n        response_data = requests.get(url=url)\n>       assert response_data.status_code == 404\nE       assert 200 == 404\nE        +  where 200 = <Response [200]>.status_code\n\ntask\\Task_Dec_13_PyTest_CRUD\\Request\\GET_Request.py:19: AssertionError","flaky":false,"newFailed":false,"newBroken":false,"newPassed":false,"retriesCount":0,"retriesStatusChange":false,"beforeStages":[],"afterStages":[],"labels":[{"name":"tag","value":"negative"},{"name":"parentSuite","value":"task.Task_Dec_13_PyTest_CRUD.Request"},{"name":"suite","value":"GET_Request"},{"name":"host","value":"DESKTOP-I7J0B1S"},{"name":"thread","value":"15628-MainThread"},{"name":"framework","value":"pytest"},{"name":"language","value":"cpython3"},{"name":"package","value":"task.Task_Dec_13_PyTest_CRUD.Request.GET_Request"},{"name":"resultFormat","value":"allure2"}],"parameters":[],"links":[],"hidden":false,"retry":false,"extra":{"severity":"normal","retries":[],"categories":[{"name":"Product defects","matchedStatuses":[]}],"tags":["negative"]},"source":"2f82838a14d44d81.json","parameterValues":[]}