{"uid":"57b9b1cce0582b35","name":"Verify that the create booking is working.","fullName":"src.ex_25_Allure_Pytest.test_Lab186_Allure#test_create_booking_positive","historyId":"7de0cf690c17d5f9bf7ceed3e35bf102","time":{"start":1766052991224,"stop":1766052991226,"duration":2},"description":"We are going to verify the create booking in the future of this function.","descriptionHtml":"<p>We are going to verify the create booking in the future of this function.</p>\n","status":"failed","statusMessage":"AssertionError: assert (1 - 1) == 2","statusTrace":"@allure.title(\"Verify that the create booking is working.\")\n    @allure.description(\"We are going to verify the create booking in the future of this function.\")\n    @pytest.mark.positive\n    @pytest.mark.regression\n    def test_create_booking_positive():\n        print(\"test1\")\n>       assert 1-1 == 2\nE       assert (1 - 1) == 2\n\nsrc\\ex_25_Allure_Pytest\\test_Lab186_Allure.py:10: AssertionError","flaky":false,"newFailed":false,"newBroken":false,"newPassed":false,"retriesCount":4,"retriesStatusChange":false,"beforeStages":[],"testStage":{"description":"We are going to verify the create booking in the future of this function.","status":"failed","statusMessage":"AssertionError: assert (1 - 1) == 2","statusTrace":"@allure.title(\"Verify that the create booking is working.\")\n    @allure.description(\"We are going to verify the create booking in the future of this function.\")\n    @pytest.mark.positive\n    @pytest.mark.regression\n    def test_create_booking_positive():\n        print(\"test1\")\n>       assert 1-1 == 2\nE       assert (1 - 1) == 2\n\nsrc\\ex_25_Allure_Pytest\\test_Lab186_Allure.py:10: AssertionError","steps":[],"attachments":[{"uid":"6345bdcabfa5567a","name":"stdout","source":"6345bdcabfa5567a.txt","type":"text/plain","size":6}],"parameters":[],"attachmentStep":false,"stepsCount":0,"hasContent":true,"attachmentsCount":1,"shouldDisplayMessage":true},"afterStages":[],"labels":[{"name":"tag","value":"regression"},{"name":"tag","value":"positive"},{"name":"parentSuite","value":"src.ex_25_Allure_Pytest"},{"name":"suite","value":"test_Lab186_Allure"},{"name":"host","value":"DESKTOP-I7J0B1S"},{"name":"thread","value":"15392-MainThread"},{"name":"framework","value":"pytest"},{"name":"language","value":"cpython3"},{"name":"package","value":"src.ex_25_Allure_Pytest.test_Lab186_Allure"},{"name":"resultFormat","value":"allure2"}],"parameters":[],"links":[],"hidden":false,"retry":false,"extra":{"severity":"normal","retries":[{"uid":"ff7801f2bcbc2634","status":"failed","statusDetails":"AssertionError: assert (1 - 1) == 2","time":{"start":1766052616692,"stop":1766052616693,"duration":1}},{"uid":"9769ea45328cd7f4","status":"failed","statusDetails":"AssertionError: assert (1 - 1) == 2","time":{"start":1766040724154,"stop":1766040724157,"duration":3}},{"uid":"d13c49cab9f03a36","status":"failed","statusDetails":"AssertionError: assert (1 - 1) == 2","time":{"start":1766037697184,"stop":1766037697199,"duration":15}},{"uid":"878edbe5358cc5a","status":"failed","statusDetails":"AssertionError: assert (1 - 1) == 2","time":{"start":1765866807172,"stop":1765866807174,"duration":2}}],"categories":[{"name":"Product defects","matchedStatuses":[]}],"tags":["regression","positive"]},"source":"57b9b1cce0582b35.json","parameterValues":[]}