{"uid":"d6d8b00b427712f6","name":"Verify the create booking is working","fullName":"task.Task_Dec_13_PyTest_CRUD.Allure_Pytest.Allure#test_create_booking_positive","historyId":"7b387880c2a163d450c48d548c29ca7d","time":{"start":1766043151360,"stop":1766043151362,"duration":2},"description":"We are going to verify the create booking in the future of this function.","descriptionHtml":"<p>We are going to verify the create booking in the future of this function.</p>\n","status":"failed","statusMessage":"AssertionError: assert (1 - 1) == 2","statusTrace":"@allure.title(\"Verify the create booking is working\")\n    @allure.description(\"We are going to verify the create booking in the future of this function.\")\n    @pytest.mark.positive\n    @pytest.mark.regression\n    def test_create_booking_positive():\n        print(\"test1\")\n>       assert 1-1 == 2\nE       assert (1 - 1) == 2\n\ntask\\Task_Dec_13_PyTest_CRUD\\Allure_Pytest\\Allure.py:11: AssertionError","flaky":false,"newFailed":false,"newBroken":false,"newPassed":false,"retriesCount":1,"retriesStatusChange":false,"beforeStages":[],"testStage":{"description":"We are going to verify the create booking in the future of this function.","status":"failed","statusMessage":"AssertionError: assert (1 - 1) == 2","statusTrace":"@allure.title(\"Verify the create booking is working\")\n    @allure.description(\"We are going to verify the create booking in the future of this function.\")\n    @pytest.mark.positive\n    @pytest.mark.regression\n    def test_create_booking_positive():\n        print(\"test1\")\n>       assert 1-1 == 2\nE       assert (1 - 1) == 2\n\ntask\\Task_Dec_13_PyTest_CRUD\\Allure_Pytest\\Allure.py:11: AssertionError","steps":[],"attachments":[{"uid":"1d00a197df8c06ac","name":"stdout","source":"1d00a197df8c06ac.txt","type":"text/plain","size":6}],"parameters":[],"attachmentStep":false,"stepsCount":0,"hasContent":true,"attachmentsCount":1,"shouldDisplayMessage":true},"afterStages":[],"labels":[{"name":"tag","value":"regression"},{"name":"tag","value":"positive"},{"name":"parentSuite","value":"task.Task_Dec_13_PyTest_CRUD.Allure_Pytest"},{"name":"suite","value":"Allure"},{"name":"host","value":"DESKTOP-I7J0B1S"},{"name":"thread","value":"7508-MainThread"},{"name":"framework","value":"pytest"},{"name":"language","value":"cpython3"},{"name":"package","value":"task.Task_Dec_13_PyTest_CRUD.Allure_Pytest.Allure"},{"name":"resultFormat","value":"allure2"}],"parameters":[],"links":[],"hidden":false,"retry":false,"extra":{"severity":"normal","retries":[{"uid":"696bfcfa31e11c9d","status":"failed","statusDetails":"AssertionError: assert (1 - 1) == 2","time":{"start":1766042942108,"stop":1766042942109,"duration":1}}],"categories":[{"name":"Product defects","matchedStatuses":[]}],"tags":["regression","positive"]},"source":"d6d8b00b427712f6.json","parameterValues":[]}